<!--

    Licensed to the Apache Software Foundation (ASF) under one or more
    contributor license agreements.  See the NOTICE file distributed with
    this work for additional information regarding copyright ownership.
    The ASF licenses this file to You under the Apache License, Version 2.0
    (the "License"); you may not use this file except in compliance with
    the License.  You may obtain a copy of the License at

       http://www.apache.org/licenses/LICENSE-2.0

    Unless required by applicable law or agreed to in writing, software
    distributed under the License is distributed on an "AS IS" BASIS,
    WITHOUT WARRANTIES OR CONDITIONS OF ANY KIND, either express or implied.
    See the License for the specific language governing permissions and
    limitations under the License.

-->

<beans
  xmlns="http://www.springframework.org/schema/beans"
  xmlns:xsi="http://www.w3.org/2001/XMLSchema-instance"
  xsi:schemaLocation="http://www.springframework.org/schema/beans http://www.springframework.org/schema/beans/spring-beans-2.0.xsd
  http://activemq.apache.org/schema/core http://activemq.apache.org/schema/core/activemq-core.xsd">


    <broker xmlns="http://activemq.apache.org/schema/core"
            brokerName="test-no-security-broker"
            start="false" useJmx="false" persistent="false">

        <destinationPolicy>
            <policyMap>
              <policyEntries>
                <policyEntry topic=">" >
                  <pendingMessageLimitStrategy>
                    <constantPendingMessageLimitStrategy limit="1000"/>
                  </pendingMessageLimitStrategy>
                </policyEntry>
              </policyEntries>
            </policyMap>
        </destinationPolicy>

        <managementContext>
            <managementContext jmxDomainName="test.goss.domain" connectorPort="15400"/>
        </managementContext>

        <systemUsage>
            <systemUsage>
                <memoryUsage>
                    <memoryUsage percentOfJvmHeap="70"/>
                </memoryUsage>
                <storeUsage>
                    <storeUsage limit="100 gb"/>
                </storeUsage>
                <tempUsage>
                    <tempUsage limit="50 gb"/>
                </tempUsage>
            </systemUsage>
        </systemUsage>

        <transportConnectors>
            <transportConnector name="openwire" uri="tcp://0.0.0.0:51515?wireFormat.maxInactivityDuration=0" />
            <transportConnector name="stomp" uri="stomp://0.0.0.0:51516?wireFormat.maxInactivityDuration=0"/>
            <transportConnector name="ws" uri="ws://0.0.0.0:51517?wireFormat.maxInactivityDuration=0" />

        </transportConnectors>

    </broker>

</beans>